# JRE version: OpenJDK Runtime Environment (8.0_202-b03) (build 1.8.0_202-release-1483-b03)
# Java VM: OpenJDK 64-Bit Server VM (25.202-b03 mixed mode windows-amd64 compressed oops)
Heap:
 PSYoungGen      total 398848K, used 131700K [0x00000000e0000000, 0x00000000fbb00000, 0x0000000100000000)
  eden space 369664K, 31% used [0x00000000e0000000,0x00000000e71ed918,0x00000000f6900000)
  from space 29184K, 51% used [0x00000000f6900000,0x00000000f77af8e8,0x00000000f8580000)
  to   space 29184K, 0% used [0x00000000f9e80000,0x00000000f9e80000,0x00000000fbb00000)
 ParOldGen       total 398848K, used 76452K [0x00000000a0000000, 0x00000000b8580000, 0x00000000e0000000)
  object space 398848K, 19% used [0x00000000a0000000,0x00000000a4aa9340,0x00000000b8580000)
 Metaspace       used 105871K, capacity 110384K, committed 110540K, reserved 1144832K
  class space    used 13400K, capacity 14298K, committed 14336K, reserved 1048576K
GC Heap History (10 events):
Event: 352.449 GC heap before
{Heap before GC invocations=27 (full 4):
 PSYoungGen      total 342016K, used 330321K [0x00000000e0000000, 0x00000000f6e00000, 0x0000000100000000)
  eden space 312320K, 100% used [0x00000000e0000000,0x00000000f3100000,0x00000000f3100000)
  from space 29696K, 60% used [0x00000000f5100000,0x00000000f62944a0,0x00000000f6e00000)
  to   space 31232K, 0% used [0x00000000f3100000,0x00000000f3100000,0x00000000f4f80000)
 ParOldGen       total 398848K, used 76412K [0x00000000a0000000, 0x00000000b8580000, 0x00000000e0000000)
  object space 398848K, 19% used [0x00000000a0000000,0x00000000a4a9f340,0x00000000b8580000)
 Metaspace       used 105496K, capacity 109880K, committed 110028K, reserved 1144832K
  class space    used 13354K, capacity 14236K, committed 14336K, reserved 1048576K
Event: 352.459 GC heap after
Heap after GC invocations=27 (full 4):
 PSYoungGen      total 343552K, used 21788K [0x00000000e0000000, 0x00000000f8c00000, 0x0000000100000000)
  eden space 312320K, 0% used [0x00000000e0000000,0x00000000e0000000,0x00000000f3100000)
  from space 31232K, 69% used [0x00000000f3100000,0x00000000f4647188,0x00000000f4f80000)
  to   space 31232K, 0% used [0x00000000f6d80000,0x00000000f6d80000,0x00000000f8c00000)
 ParOldGen       total 398848K, used 76420K [0x00000000a0000000, 0x00000000b8580000, 0x00000000e0000000)
  object space 398848K, 19% used [0x00000000a0000000,0x00000000a4aa1340,0x00000000b8580000)
 Metaspace       used 105496K, capacity 109880K, committed 110028K, reserved 1144832K
  class space    used 13354K, capacity 14236K, committed 14336K, reserved 1048576K
}
Event: 353.718 GC heap before
{Heap before GC invocations=28 (full 4):
 PSYoungGen      total 343552K, used 334108K [0x00000000e0000000, 0x00000000f8c00000, 0x0000000100000000)
  eden space 312320K, 100% used [0x00000000e0000000,0x00000000f3100000,0x00000000f3100000)
  from space 31232K, 69% used [0x00000000f3100000,0x00000000f4647188,0x00000000f4f80000)
  to   space 31232K, 0% used [0x00000000f6d80000,0x00000000f6d80000,0x00000000f8c00000)
 ParOldGen       total 398848K, used 76420K [0x00000000a0000000, 0x00000000b8580000, 0x00000000e0000000)
  object space 398848K, 19% used [0x00000000a0000000,0x00000000a4aa1340,0x00000000b8580000)
 Metaspace       used 105519K, capacity 109950K, committed 110284K, reserved 1144832K
  class space    used 13354K, capacity 14237K, committed 14336K, reserved 1048576K
Event: 353.733 GC heap after
Heap after GC invocations=28 (full 4):
 PSYoungGen      total 374784K, used 21540K [0x00000000e0000000, 0x00000000f8d80000, 0x0000000100000000)
  eden space 343552K, 0% used [0x00000000e0000000,0x00000000e0000000,0x00000000f4f80000)
  from space 31232K, 68% used [0x00000000f6d80000,0x00000000f82893b8,0x00000000f8c00000)
  to   space 30720K, 0% used [0x00000000f4f80000,0x00000000f4f80000,0x00000000f6d80000)
 ParOldGen       total 398848K, used 76428K [0x00000000a0000000, 0x00000000b8580000, 0x00000000e0000000)
  object space 398848K, 19% used [0x00000000a0000000,0x00000000a4aa3340,0x00000000b8580000)
 Metaspace       used 105519K, capacity 109950K, committed 110284K, reserved 1144832K
  class space    used 13354K, capacity 14237K, committed 14336K, reserved 1048576K
}
Event: 355.176 GC heap before
{Heap before GC invocations=29 (full 4):
 PSYoungGen      total 374784K, used 365092K [0x00000000e0000000, 0x00000000f8d80000, 0x0000000100000000)
  eden space 343552K, 100% used [0x00000000e0000000,0x00000000f4f80000,0x00000000f4f80000)
  from space 31232K, 68% used [0x00000000f6d80000,0x00000000f82893b8,0x00000000f8c00000)
  to   space 30720K, 0% used [0x00000000f4f80000,0x00000000f4f80000,0x00000000f6d80000)
 ParOldGen       total 398848K, used 76428K [0x00000000a0000000, 0x00000000b8580000, 0x00000000e0000000)
  object space 398848K, 19% used [0x00000000a0000000,0x00000000a4aa3340,0x00000000b8580000)
 Metaspace       used 105550K, capacity 109958K, committed 110284K, reserved 1144832K
  class space    used 13354K, capacity 14237K, committed 14336K, reserved 1048576K
Event: 355.184 GC heap after
Heap after GC invocations=29 (full 4):
 PSYoungGen      total 374272K, used 13854K [0x00000000e0000000, 0x00000000fa480000, 0x0000000100000000)
  eden space 343552K, 0% used [0x00000000e0000000,0x00000000e0000000,0x00000000f4f80000)
  from space 30720K, 45% used [0x00000000f4f80000,0x00000000f5d07ad8,0x00000000f6d80000)
  to   space 30720K, 0% used [0x00000000f8680000,0x00000000f8680000,0x00000000fa480000)
 ParOldGen       total 398848K, used 76436K [0x00000000a0000000, 0x00000000b8580000, 0x00000000e0000000)
  object space 398848K, 19% used [0x00000000a0000000,0x00000000a4aa5340,0x00000000b8580000)
 Metaspace       used 105550K, capacity 109958K, committed 110284K, reserved 1144832K
  class space    used 13354K, capacity 14237K, committed 14336K, reserved 1048576K
}
Event: 356.813 GC heap before
{Heap before GC invocations=30 (full 4):
 PSYoungGen      total 374272K, used 357406K [0x00000000e0000000, 0x00000000fa480000, 0x0000000100000000)
  eden space 343552K, 100% used [0x00000000e0000000,0x00000000f4f80000,0x00000000f4f80000)
  from space 30720K, 45% used [0x00000000f4f80000,0x00000000f5d07ad8,0x00000000f6d80000)
  to   space 30720K, 0% used [0x00000000f8680000,0x00000000f8680000,0x00000000fa480000)
 ParOldGen       total 398848K, used 76436K [0x00000000a0000000, 0x00000000b8580000, 0x00000000e0000000)
  object space 398848K, 19% used [0x00000000a0000000,0x00000000a4aa5340,0x00000000b8580000)
 Metaspace       used 105582K, capacity 109972K, committed 110284K, reserved 1144832K
  class space    used 13356K, capacity 14238K, committed 14336K, reserved 1048576K
Event: 356.829 GC heap after
Heap after GC invocations=30 (full 4):
 PSYoungGen      total 397824K, used 18400K [0x00000000e0000000, 0x00000000fa200000, 0x0000000100000000)
  eden space 369664K, 0% used [0x00000000e0000000,0x00000000e0000000,0x00000000f6900000)
  from space 28160K, 65% used [0x00000000f8680000,0x00000000f9878398,0x00000000fa200000)
  to   space 29184K, 0% used [0x00000000f6900000,0x00000000f6900000,0x00000000f8580000)
 ParOldGen       total 398848K, used 76444K [0x00000000a0000000, 0x00000000b8580000, 0x00000000e0000000)
  object space 398848K, 19% used [0x00000000a0000000,0x00000000a4aa7340,0x00000000b8580000)
 Metaspace       used 105582K, capacity 109972K, committed 110284K, reserved 1144832K
  class space    used 13356K, capacity 14238K, committed 14336K, reserved 1048576K
}
Event: 360.312 GC heap before
{Heap before GC invocations=31 (full 4):
 PSYoungGen      total 397824K, used 388064K [0x00000000e0000000, 0x00000000fa200000, 0x0000000100000000)
  eden space 369664K, 100% used [0x00000000e0000000,0x00000000f6900000,0x00000000f6900000)
  from space 28160K, 65% used [0x00000000f8680000,0x00000000f9878398,0x00000000fa200000)
  to   space 29184K, 0% used [0x00000000f6900000,0x00000000f6900000,0x00000000f8580000)
 ParOldGen       total 398848K, used 76444K [0x00000000a0000000, 0x00000000b8580000, 0x00000000e0000000)
  object space 398848K, 19% used [0x00000000a0000000,0x00000000a4aa7340,0x00000000b8580000)
 Metaspace       used 105861K, capacity 110384K, committed 110540K, reserved 1144832K
  class space    used 13400K, capacity 14298K, committed 14336K, reserved 1048576K
Event: 360.328 GC heap after
Heap after GC invocations=31 (full 4):
 PSYoungGen      total 398848K, used 15038K [0x00000000e0000000, 0x00000000fbb00000, 0x0000000100000000)
  eden space 369664K, 0% used [0x00000000e0000000,0x00000000e0000000,0x00000000f6900000)
  from space 29184K, 51% used [0x00000000f6900000,0x00000000f77af8e8,0x00000000f8580000)
  to   space 29184K, 0% used [0x00000000f9e80000,0x00000000f9e80000,0x00000000fbb00000)
 ParOldGen       total 398848K, used 76452K [0x00000000a0000000, 0x00000000b8580000, 0x00000000e0000000)
  object space 398848K, 19% used [0x00000000a0000000,0x00000000a4aa9340,0x00000000b8580000)
 Metaspace       used 105861K, capacity 110384K, committed 110540K, reserved 1144832K
  class space    used 13400K, capacity 14298K, committed 14336K, reserved 1048576K
}

